[12328:2220:0609/070053.732:INFO:components\enterprise\browser\controller\chrome_browser_cloud_management_controller.cc:202] No machine level policy manager exists.
[12328:2220:0609/070053.965:WARNING:chrome\browser\extensions\extension_service.cc:359] --load-extension is not allowed in Google Chrome, ignoring.
[12328:2220:0609/070058.675:INFO:CONSOLE:1500] "A preload for 'https://static.jofogas.hu/fonts/materialdesignicons-webfont.woff2?v=3.9.97' is found, but is not used because the request credentials mode does not match. Consider taking a look at crossorigin attribute.", source: https://www.jofogas.hu/magyarorszag/laptop-es-kiegeszitok (1500)
[12328:2220:0609/070059.122:INFO:CONSOLE:88] "Error: PublisherCodeNotFoundForAma", source: https://pagead2.googlesyndication.com/pagead/js/adsbygoogle.js (88)
[12328:2220:0609/070100.903:INFO:CONSOLE:1] "[object Object]", source: https://cdn.backend.verbolia.com/assets/global/linkingengine/jofogas/hu-hu/ve-linking.js (1)
[12328:2220:0609/070103.564:INFO:CONSOLE:9] "$modalStack is now deprecated. Use $uibModalStack instead.", source: https://static.jofogas.hu/js/vendor-380fb0e1a7681b0a690a6b2ce30c5e4f.js (9)
[12328:2220:0609/070103.924:INFO:CONSOLE:0] "Attestation check for Protected Audience on https://pagead2.googlesyndication.com failed.", source: https://www.jofogas.hu/magyarorszag/laptop-es-kiegeszitok (0)
[7208:11728:0609/070105.671:ERROR:gpu\command_buffer\service\gles2_cmd_decoder_passthrough.cc:1092] [GroupMarkerNotSet(crbug.com/242999)!:A000280034170000]Automatic fallback to software WebGL has been deprecated. Please use the --enable-unsafe-swiftshader flag to opt in to lower security guarantees for trusted content.
[12328:2220:0609/070105.671:INFO:CONSOLE:0] "[GroupMarkerNotSet(crbug.com/242999)!:A000280034170000]Automatic fallback to software WebGL has been deprecated. Please use the --enable-unsafe-swiftshader flag to opt in to lower security guarantees for trusted content.", source: https://ep2.adtrafficquality.google/sodar/sodar2/237/runner.html (0)
[2720:10268:0609/070106.520:WARNING:net\spdy\spdy_session.cc:3054] Received HEADERS for invalid stream 3
[12328:2220:0609/070106.600:INFO:CONSOLE:19] "[GPT] Error in googletag.defineSlot: Cannot create slot /104771945/ca-pub-2208509238799773-tag/640x360_jofogas_listing_electronics_roadblock16_desktop. Div element "gpt-passback" is already associated with another slot: /104771945/ca-pub-2208509238799773-tag/640x360_jofogas_listing_electronics_roadblock12_desktop.
https://goo.gle/gpt-message#28", source: https://securepubads.g.doubleclick.net/pagead/managed/js/gpt/m202506030101/pubads_impl.js (19)
[12328:2220:0609/070106.600:INFO:CONSOLE:19] "Exception in queued GPT command TypeError: Cannot read properties of null (reading 'addService')", source: https://securepubads.g.doubleclick.net/pagead/managed/js/gpt/m202506030101/pubads_impl.js (19)
[12328:2220:0609/070106.601:INFO:CONSOLE:19] "[GPT] Exception in googletag.cmd function: TypeError: Cannot read properties of null (reading 'addService').
https://goo.gle/gpt-message#30", source: https://securepubads.g.doubleclick.net/pagead/managed/js/gpt/m202506030101/pubads_impl.js (19)
[12328:2220:0609/070106.602:INFO:CONSOLE:19] "[GPT] Error in googletag.defineSlot: Cannot create slot /104771945/ca-pub-2208509238799773-tag/640x360_jofogas_listing_electronics_roadblock20_desktop. Div element "gpt-passback" is already associated with another slot: /104771945/ca-pub-2208509238799773-tag/640x360_jofogas_listing_electronics_roadblock12_desktop.
https://goo.gle/gpt-message#28", source: https://securepubads.g.doubleclick.net/pagead/managed/js/gpt/m202506030101/pubads_impl.js (19)
[12328:2220:0609/070106.602:INFO:CONSOLE:19] "Exception in queued GPT command TypeError: Cannot read properties of null (reading 'addService')", source: https://securepubads.g.doubleclick.net/pagead/managed/js/gpt/m202506030101/pubads_impl.js (19)
[12328:2220:0609/070106.603:INFO:CONSOLE:19] "[GPT] Exception in googletag.cmd function: TypeError: Cannot read properties of null (reading 'addService').
https://goo.gle/gpt-message#30", source: https://securepubads.g.doubleclick.net/pagead/managed/js/gpt/m202506030101/pubads_impl.js (19)
[12328:2220:0609/070106.639:INFO:CONSOLE:0] "Attestation check for Protected Audience on https://pagead2.googlesyndication.com failed.", source: https://www.jofogas.hu/magyarorszag/laptop-es-kiegeszitok (0)
[12328:2220:0609/070106.639:INFO:CONSOLE:0] "Attestation check for Protected Audience on https://pagead2.googlesyndication.com failed.", source: https://www.jofogas.hu/magyarorszag/laptop-es-kiegeszitok (0)
[12328:2220:0609/070106.639:INFO:CONSOLE:0] "Attestation check for Protected Audience on https://pagead2.googlesyndication.com failed.", source: https://www.jofogas.hu/magyarorszag/laptop-es-kiegeszitok (0)
[12328:2220:0609/070108.920:INFO:CONSOLE:1460] "A preload for 'https://static.jofogas.hu/fonts/materialdesignicons-webfont.woff2?v=3.9.97' is found, but is not used because the request credentials mode does not match. Consider taking a look at crossorigin attribute.", source: https://www.jofogas.hu/magyarorszag/laptop-es-kiegeszitok?o=2 (1460)
[12328:2220:0609/070109.154:INFO:CONSOLE:88] "Error: PublisherCodeNotFoundForAma", source: https://pagead2.googlesyndication.com/pagead/js/adsbygoogle.js (88)
[12328:2220:0609/070109.263:INFO:CONSOLE:0] "Attestation check for Protected Audience on https://pagead2.googlesyndication.com failed.", source: https://www.jofogas.hu/magyarorszag/laptop-es-kiegeszitok?o=2 (0)
[12328:2220:0609/070110.129:INFO:CONSOLE:1] "[object Object]", source: https://cdn.backend.verbolia.com/assets/global/linkingengine/jofogas/hu-hu/ve-linking.js (1)
[12328:2220:0609/070110.442:INFO:CONSOLE:9] "$modalStack is now deprecated. Use $uibModalStack instead.", source: https://static.jofogas.hu/js/vendor-380fb0e1a7681b0a690a6b2ce30c5e4f.js (9)
[12328:2220:0609/070110.705:INFO:CONSOLE:19] "[GPT] Error in googletag.defineSlot: Cannot create slot /104771945/ca-pub-2208509238799773-tag/640x360_jofogas_listing_electronics_roadblock20_desktop. Div element "gpt-passback" is already associated with another slot: /104771945/ca-pub-2208509238799773-tag/640x360_jofogas_listing_electronics_roadblock16_desktop.
https://goo.gle/gpt-message#28", source: https://securepubads.g.doubleclick.net/pagead/managed/js/gpt/m202506030101/pubads_impl.js (19)
[12328:2220:0609/070110.705:INFO:CONSOLE:19] "Exception in queued GPT command TypeError: Cannot read properties of null (reading 'addService')", source: https://securepubads.g.doubleclick.net/pagead/managed/js/gpt/m202506030101/pubads_impl.js (19)
[12328:2220:0609/070110.706:INFO:CONSOLE:19] "[GPT] Exception in googletag.cmd function: TypeError: Cannot read properties of null (reading 'addService').
https://goo.gle/gpt-message#30", source: https://securepubads.g.doubleclick.net/pagead/managed/js/gpt/m202506030101/pubads_impl.js (19)
[12328:2220:0609/070110.741:INFO:CONSOLE:0] "Attestation check for Protected Audience on https://pagead2.googlesyndication.com failed.", source: https://www.jofogas.hu/magyarorszag/laptop-es-kiegeszitok?o=2 (0)
[12328:2220:0609/070110.741:INFO:CONSOLE:0] "Attestation check for Protected Audience on https://pagead2.googlesyndication.com failed.", source: https://www.jofogas.hu/magyarorszag/laptop-es-kiegeszitok?o=2 (0)
[12328:2220:0609/070110.741:INFO:CONSOLE:0] "Attestation check for Protected Audience on https://pagead2.googlesyndication.com failed.", source: https://www.jofogas.hu/magyarorszag/laptop-es-kiegeszitok?o=2 (0)
[12328:2220:0609/070110.741:INFO:CONSOLE:0] "Attestation check for Protected Audience on https://pagead2.googlesyndication.com failed.", source: https://www.jofogas.hu/magyarorszag/laptop-es-kiegeszitok?o=2 (0)
[7208:11728:0609/070112.488:ERROR:gpu\command_buffer\service\gles2_cmd_decoder_passthrough.cc:1092] [GroupMarkerNotSet(crbug.com/242999)!:A030280034170000]Automatic fallback to software WebGL has been deprecated. Please use the --enable-unsafe-swiftshader flag to opt in to lower security guarantees for trusted content.
[12328:2220:0609/070112.498:INFO:CONSOLE:0] "[GroupMarkerNotSet(crbug.com/242999)!:A030280034170000]Automatic fallback to software WebGL has been deprecated. Please use the --enable-unsafe-swiftshader flag to opt in to lower security guarantees for trusted content.", source: https://ep2.adtrafficquality.google/sodar/sodar2/237/runner.html (0)
[12328:2220:0609/070113.815:WARNING:content\browser\download\download_manager_impl.cc:702] A download with the same GUID already exists, the new request is ignored.
[12328:2220:0609/070114.012:WARNING:components\download\internal\background_service\controller_impl.cc:1187] Background download complete, client: 6, completion type: 0, file size:5158
[12328:2220:0609/070114.315:WARNING:content\browser\download\download_manager_impl.cc:702] A download with the same GUID already exists, the new request is ignored.
[12328:2220:0609/070114.590:WARNING:content\browser\download\download_manager_impl.cc:702] A download with the same GUID already exists, the new request is ignored.
[12328:2220:0609/070114.603:WARNING:components\download\internal\background_service\controller_impl.cc:1187] Background download complete, client: 6, completion type: 0, file size:265059
[12328:2220:0609/070114.662:INFO:CONSOLE:1489] "A preload for 'https://static.jofogas.hu/fonts/materialdesignicons-webfont.woff2?v=3.9.97' is found, but is not used because the request credentials mode does not match. Consider taking a look at crossorigin attribute.", source: https://www.jofogas.hu/magyarorszag/laptop-es-kiegeszitok?o=3 (1489)
[12328:2220:0609/070114.829:INFO:CONSOLE:88] "Error: PublisherCodeNotFoundForAma", source: https://pagead2.googlesyndication.com/pagead/js/adsbygoogle.js (88)
[12328:2220:0609/070114.909:WARNING:components\download\internal\background_service\controller_impl.cc:1187] Background download complete, client: 6, completion type: 0, file size:45166
[12328:2220:0609/070115.276:INFO:CONSOLE:0] "Attestation check for Protected Audience on https://pagead2.googlesyndication.com failed.", source: https://www.jofogas.hu/magyarorszag/laptop-es-kiegeszitok?o=3 (0)
[12328:2220:0609/070115.321:INFO:CONSOLE:1] "[object Object]", source: https://cdn.backend.verbolia.com/assets/global/linkingengine/jofogas/hu-hu/ve-linking.js (1)
[12328:2220:0609/070115.698:INFO:CONSOLE:9] "$modalStack is now deprecated. Use $uibModalStack instead.", source: https://static.jofogas.hu/js/vendor-380fb0e1a7681b0a690a6b2ce30c5e4f.js (9)
[12328:2220:0609/070115.957:WARNING:components\download\internal\background_service\controller_impl.cc:1187] Background download complete, client: 6, completion type: 0, file size:2200227
[12328:2220:0609/070115.970:WARNING:components\download\internal\background_service\controller_impl.cc:1187] Background download complete, client: 6, completion type: 1, file size:0
[2720:7856:0609/070116.859:WARNING:net\extras\sqlite\sqlite_persistent_store_backend_base.cc:176] Failed to post task from FlushAndNotifyInBackground@net\extras\sqlite\sqlite_persistent_store_backend_base.cc:226 to client_task_runner_.
[2720:7856:0609/070116.859:WARNING:net\extras\sqlite\sqlite_persistent_store_backend_base.cc:176] Failed to post task from FlushAndNotifyInBackground@net\extras\sqlite\sqlite_persistent_store_backend_base.cc:226 to client_task_runner_.
